{"name": "User can add items to cart", "status": "broken", "statusDetails": {"message": "selenium.common.exceptions.ElementClickInterceptedException: Message: element click intercepted: Element <button type=\"button\" aria-label=\"Add Bigelow Earl Grey Black Tea Bags - 20ct to cart\" data-test=\"chooseOptionsButton\" id=\"addToCartButtonOrTextIdFor13278065\" class=\"sc-ddc722c0-0 sc-f1230b39-0 dJKNCP doBYzz\">...</button> is not clickable at point (56, 597). Other element would receive the click: <div fillcolor=\"#d6d6d6\" minheight=\"[object Object]\" class=\"sc-382fbcf6-0 sc-ebd86219-3 gEBZSN tDrAv\"></div>\n  (Session info: chrome=129.0.6668.60)\nStacktrace:\n\tGetHandleVerifier [0x008E6AB3+25587]\n\t(No symbol) [0x00879C54]\n\t(No symbol) [0x00772113]\n\t(No symbol) [0x007BCEB7]\n\t(No symbol) [0x007BB2B9]\n\t(No symbol) [0x007B91AB]\n\t(No symbol) [0x007B8798]\n\t(No symbol) [0x007AD58D]\n\t(No symbol) [0x007DAB9C]\n\t(No symbol) [0x007AD044]\n\t(No symbol) [0x007DAE34]\n\t(No symbol) [0x007F5370]\n\t(No symbol) [0x007DA936]\n\t(No symbol) [0x007ABA73]\n\t(No symbol) [0x007AC4CD]\n\tGetHandleVerifier [0x00BC4C63+3032483]\n\tGetHandleVerifier [0x00C16B99+3368153]\n\tGetHandleVerifier [0x00978F62+624802]\n\tGetHandleVerifier [0x009807DC+655644]\n\t(No symbol) [0x0088260D]\n\t(No symbol) [0x0087F6D8]\n\t(No symbol) [0x0087F875]\n\t(No symbol) [0x00871CA6]\n\t(No symbol) [0x75747BA9]\n\tRtlInitializeExceptionChain [0x77B5C10B+107]\n\tRtlClearBits [0x77B5C08F+191]\n\n", "trace": "  File \"C:\\Users\\rgomez\\AppData\\Local\\Packages\\PythonSoftwareFoundation.Python.3.12_qbz5n2kfra8p0\\LocalCache\\local-packages\\Python312\\site-packages\\behave\\model.py\", line 1329, in run\n    match.run(runner.context)\n  File \"C:\\Users\\rgomez\\AppData\\Local\\Packages\\PythonSoftwareFoundation.Python.3.12_qbz5n2kfra8p0\\LocalCache\\local-packages\\Python312\\site-packages\\behave\\matchers.py\", line 98, in run\n    self.func(context, *args, **kwargs)\n  File \"features\\steps\\target_cart.py\", line 11, in add_to_cart\n    context.app.search_results_page.click_add_to_cart_button_search()\n  File \"C:\\Users\\rgomez\\python-selenium-automation\\pages\\search_results_page.py\", line 17, in click_add_to_cart_button_search\n    self.click(*self.ADD_TO_CART_SEARCH)\n  File \"C:\\Users\\rgomez\\python-selenium-automation\\pages\\base_page.py\", line 30, in click\n    self.driver.find_element(*locator).click()\n  File \"C:\\Users\\rgomez\\AppData\\Local\\Packages\\PythonSoftwareFoundation.Python.3.12_qbz5n2kfra8p0\\LocalCache\\local-packages\\Python312\\site-packages\\selenium\\webdriver\\remote\\webelement.py\", line 94, in click\n    self._execute(Command.CLICK_ELEMENT)\n  File \"C:\\Users\\rgomez\\AppData\\Local\\Packages\\PythonSoftwareFoundation.Python.3.12_qbz5n2kfra8p0\\LocalCache\\local-packages\\Python312\\site-packages\\selenium\\webdriver\\remote\\webelement.py\", line 395, in _execute\n    return self._parent.execute(command, params)\n           ^^^^^^^^^^^^^^^^^^^^^^^^^^^^^^^^^^^^^\n  File \"C:\\Users\\rgomez\\AppData\\Local\\Packages\\PythonSoftwareFoundation.Python.3.12_qbz5n2kfra8p0\\LocalCache\\local-packages\\Python312\\site-packages\\selenium\\webdriver\\remote\\webdriver.py\", line 354, in execute\n    self.error_handler.check_response(response)\n  File \"C:\\Users\\rgomez\\AppData\\Local\\Packages\\PythonSoftwareFoundation.Python.3.12_qbz5n2kfra8p0\\LocalCache\\local-packages\\Python312\\site-packages\\selenium\\webdriver\\remote\\errorhandler.py\", line 229, in check_response\n    raise exception_class(message, screen, stacktrace)\n"}, "steps": [{"name": "Given Open Target.com", "status": "passed", "start": 1727726206332, "stop": 1727726259256}, {"name": "When User searches for tea in search bar", "status": "passed", "start": 1727726259256, "stop": 1727726259425}, {"name": "And User clicks search button", "status": "passed", "start": 1727726259425, "stop": 1727726259486}, {"name": "And User clicks Add to cart button in results", "status": "broken", "statusDetails": {"message": "selenium.common.exceptions.ElementClickInterceptedException: Message: element click intercepted: Element <button type=\"button\" aria-label=\"Add Bigelow Earl Grey Black Tea Bags - 20ct to cart\" data-test=\"chooseOptionsButton\" id=\"addToCartButtonOrTextIdFor13278065\" class=\"sc-ddc722c0-0 sc-f1230b39-0 dJKNCP doBYzz\">...</button> is not clickable at point (56, 597). Other element would receive the click: <div fillcolor=\"#d6d6d6\" minheight=\"[object Object]\" class=\"sc-382fbcf6-0 sc-ebd86219-3 gEBZSN tDrAv\"></div>\n  (Session info: chrome=129.0.6668.60)\nStacktrace:\n\tGetHandleVerifier [0x008E6AB3+25587]\n\t(No symbol) [0x00879C54]\n\t(No symbol) [0x00772113]\n\t(No symbol) [0x007BCEB7]\n\t(No symbol) [0x007BB2B9]\n\t(No symbol) [0x007B91AB]\n\t(No symbol) [0x007B8798]\n\t(No symbol) [0x007AD58D]\n\t(No symbol) [0x007DAB9C]\n\t(No symbol) [0x007AD044]\n\t(No symbol) [0x007DAE34]\n\t(No symbol) [0x007F5370]\n\t(No symbol) [0x007DA936]\n\t(No symbol) [0x007ABA73]\n\t(No symbol) [0x007AC4CD]\n\tGetHandleVerifier [0x00BC4C63+3032483]\n\tGetHandleVerifier [0x00C16B99+3368153]\n\tGetHandleVerifier [0x00978F62+624802]\n\tGetHandleVerifier [0x009807DC+655644]\n\t(No symbol) [0x0088260D]\n\t(No symbol) [0x0087F6D8]\n\t(No symbol) [0x0087F875]\n\t(No symbol) [0x00871CA6]\n\t(No symbol) [0x75747BA9]\n\tRtlInitializeExceptionChain [0x77B5C10B+107]\n\tRtlClearBits [0x77B5C08F+191]\n\n", "trace": "  File \"C:\\Users\\rgomez\\AppData\\Local\\Packages\\PythonSoftwareFoundation.Python.3.12_qbz5n2kfra8p0\\LocalCache\\local-packages\\Python312\\site-packages\\behave\\model.py\", line 1329, in run\n    match.run(runner.context)\n  File \"C:\\Users\\rgomez\\AppData\\Local\\Packages\\PythonSoftwareFoundation.Python.3.12_qbz5n2kfra8p0\\LocalCache\\local-packages\\Python312\\site-packages\\behave\\matchers.py\", line 98, in run\n    self.func(context, *args, **kwargs)\n  File \"features\\steps\\target_cart.py\", line 11, in add_to_cart\n    context.app.search_results_page.click_add_to_cart_button_search()\n  File \"C:\\Users\\rgomez\\python-selenium-automation\\pages\\search_results_page.py\", line 17, in click_add_to_cart_button_search\n    self.click(*self.ADD_TO_CART_SEARCH)\n  File \"C:\\Users\\rgomez\\python-selenium-automation\\pages\\base_page.py\", line 30, in click\n    self.driver.find_element(*locator).click()\n  File \"C:\\Users\\rgomez\\AppData\\Local\\Packages\\PythonSoftwareFoundation.Python.3.12_qbz5n2kfra8p0\\LocalCache\\local-packages\\Python312\\site-packages\\selenium\\webdriver\\remote\\webelement.py\", line 94, in click\n    self._execute(Command.CLICK_ELEMENT)\n  File \"C:\\Users\\rgomez\\AppData\\Local\\Packages\\PythonSoftwareFoundation.Python.3.12_qbz5n2kfra8p0\\LocalCache\\local-packages\\Python312\\site-packages\\selenium\\webdriver\\remote\\webelement.py\", line 395, in _execute\n    return self._parent.execute(command, params)\n           ^^^^^^^^^^^^^^^^^^^^^^^^^^^^^^^^^^^^^\n  File \"C:\\Users\\rgomez\\AppData\\Local\\Packages\\PythonSoftwareFoundation.Python.3.12_qbz5n2kfra8p0\\LocalCache\\local-packages\\Python312\\site-packages\\selenium\\webdriver\\remote\\webdriver.py\", line 354, in execute\n    self.error_handler.check_response(response)\n  File \"C:\\Users\\rgomez\\AppData\\Local\\Packages\\PythonSoftwareFoundation.Python.3.12_qbz5n2kfra8p0\\LocalCache\\local-packages\\Python312\\site-packages\\selenium\\webdriver\\remote\\errorhandler.py\", line 229, in check_response\n    raise exception_class(message, screen, stacktrace)\n"}, "start": 1727726259486, "stop": 1727726262011}, {"name": "And User clicks Add to cart button in side panel", "status": "skipped", "start": 1727726264213, "stop": 1727726264213}, {"name": "And User presses View cart & check out button", "status": "skipped", "start": 1727726264213, "stop": 1727726264213}, {"name": "Then Cart screen contains item", "status": "skipped", "start": 1727726264213, "stop": 1727726264213}], "start": 1727726198143, "stop": 1727726264213, "uuid": "9784001f-23cd-4675-ac9e-11979b186aaa", "historyId": "9cef39c7c057fef2c17c49211d0bfef3", "fullName": "Tests for cart functionality: User can add items to cart", "labels": [{"name": "severity", "value": "normal"}, {"name": "feature", "value": "Tests for cart functionality"}, {"name": "framework", "value": "behave"}, {"name": "language", "value": "cpython3"}]}